[2026-04-14T19:37:34Z] === ENRICH ITERATION 2 START | repo=python-pillow/Pillow sha=3c41c095 ===
[2026-04-14T19:37:34Z] [iter=2] PHASE START: enrich repo=python-pillow/Pillow sha=3c41c095 runlog=/home/runner/work/forx/forx/storage/aggregate/lsp/logs/3c41c095-enrich-iter-002.log output=/home/runner/work/forx/forx/storage/aggregate/lsp/3c41c095064200a02672d89cc5ff629eaf4b0d4f.nq.gz
[2026-04-14T19:37:52Z] [iter=2] Step 1: Loading AST into disk-backed store mem_mb=78 MB
[2026-04-14T19:38:34Z] [iter=2] AST store loaded triples=4665371 load_secs=40 mem_mb=966 MB
[2026-04-14T19:38:34Z] [iter=2] Step 2: Finding LSP targets mem_mb=966 MB
[2026-04-14T19:38:40Z] [iter=2] LSP targets found call_sites=28998 imports=1264 extends=135 implements=0 secs=7
[2026-04-14T19:38:44Z] [iter=2] Loaded checkpoint partial graph triples=82400
[2026-04-14T19:38:49Z] [iter=2] Step 2.7: Building position index (one-shot, shared across resolvers) mem_mb=966 MB
[2026-04-14T19:39:13Z] [iter=2] Position index built positions=297545 nodes_with_types=374516 secs=24 mem_mb=1054 MB
[2026-04-14T19:39:13Z] [iter=2] Step 3: Starting LSP resolution mem_mb=1054 MB already_completed_types=[] already_completed_files=80
[2026-04-14T19:39:13Z] [iter=2] Resolving target type target_type=call_site count=28998
[2026-04-14T19:39:14Z] [iter=2] HEARTBEAT target_type=call_site elapsed_min=1.7 files_done=0 resolved=0 errors=0 current=Tests/test_imagemath_lambda_eval.py
[2026-04-14T19:43:47Z] [iter=2] HEARTBEAT target_type=call_site elapsed_min=6.2 files_done=1 resolved=8 errors=137 current=Tests/test_font_bdf.py
[2026-04-14T19:46:31Z] [iter=2] HEARTBEAT target_type=call_site elapsed_min=8.9 files_done=3 resolved=37 errors=219 current=Tests/test_mode_i16.py
[2026-04-14T19:47:54Z] [iter=2] HEARTBEAT target_type=call_site elapsed_min=10.3 files_done=4 resolved=49 errors=261 current=Tests/test_imagepalette.py
[2026-04-14T19:48:54Z] [iter=2] HEARTBEAT target_type=call_site elapsed_min=11.3 files_done=5 resolved=104 errors=291 current=Tests/test_image_point.py
[2026-04-14T19:49:58Z] [iter=2] HEARTBEAT target_type=call_site elapsed_min=12.4 files_done=6 resolved=115 errors=323 current=Tests/test_imagedraw2.py
[2026-04-14T19:51:14Z] [iter=2] HEARTBEAT target_type=call_site elapsed_min=13.7 files_done=7 resolved=178 errors=361 current=Tests/test_file_blp.py
[2026-04-14T19:52:18Z] [iter=2] HEARTBEAT target_type=call_site elapsed_min=14.7 files_done=9 resolved=197 errors=393 current=Tests/test_tiff_ifdrational.py
[2026-04-14T19:53:18Z] [iter=2] HEARTBEAT target_type=call_site elapsed_min=15.7 files_done=11 resolved=254 errors=423 current=src/PIL/PngImagePlugin.py
[2026-04-14T20:03:43Z] [iter=2] HEARTBEAT target_type=call_site elapsed_min=26.1 files_done=12 resolved=367 errors=736 current=Tests/oss-fuzz/fuzz_font.py
[2026-04-14T20:04:28Z] [iter=2] HEARTBEAT target_type=call_site elapsed_min=26.9 files_done=15 resolved=398 errors=759 current=Tests/test_file_container.py
[2026-04-14T20:05:32Z] [iter=2] HEARTBEAT target_type=call_site elapsed_min=28.0 files_done=16 resolved=426 errors=791 current=Tests/test_font_pcf_charsets.py
[2026-04-14T20:06:08Z] [iter=2] HEARTBEAT target_type=call_site elapsed_min=28.6 files_done=17 resolved=446 errors=809 current=src/PIL/BmpImagePlugin.py
[2026-04-14T20:08:59Z] [iter=2] HEARTBEAT target_type=call_site elapsed_min=31.4 files_done=18 resolved=491 errors=895 current=Tests/test_image_transpose.py
[2026-04-14T20:12:00Z] [iter=2] HEARTBEAT target_type=call_site elapsed_min=34.4 files_done=19 resolved=491 errors=986 current=Tests/test_deprecate.py
[2026-04-14T20:13:12Z] [iter=2] HEARTBEAT target_type=call_site elapsed_min=35.6 files_done=21 resolved=532 errors=1022 current=Tests/test_image_histogram.py
[2026-04-14T20:15:07Z] [iter=2] HEARTBEAT target_type=call_site elapsed_min=37.6 files_done=23 resolved=574 errors=1080 current=src/PIL/ImageGrab.py
[2026-04-14T20:16:11Z] [iter=2] HEARTBEAT target_type=call_site elapsed_min=38.6 files_done=24 resolved=611 errors=1112 current=src/PIL/GbrImagePlugin.py
[2026-04-14T20:16:57Z] [iter=2] HEARTBEAT target_type=call_site elapsed_min=39.4 files_done=25 resolved=617 errors=1135 current=src/PIL/ImageFile.py
[2026-04-14T20:20:05Z] [iter=2] HEARTBEAT target_type=call_site elapsed_min=42.5 files_done=26 resolved=693 errors=1229 current=Tests/test_image_reduce.py
[2026-04-14T20:22:08Z] [iter=2] HEARTBEAT target_type=call_site elapsed_min=44.6 files_done=27 resolved=720 errors=1291 current=Tests/test_box_blur.py
[2026-04-14T20:23:48Z] [iter=2] HEARTBEAT target_type=call_site elapsed_min=46.2 files_done=28 resolved=734 errors=1341 current=Tests/test_imagefontctl.py
[2026-04-14T20:25:59Z] [iter=2] HEARTBEAT target_type=call_site elapsed_min=48.4 files_done=29 resolved=798 errors=1407 current=src/PIL/FliImagePlugin.py
[2026-04-14T20:27:23Z] [iter=2] HEARTBEAT target_type=call_site elapsed_min=49.8 files_done=30 resolved=809 errors=1449 current=src/PIL/TgaImagePlugin.py
[2026-04-14T20:29:12Z] [iter=2] HEARTBEAT target_type=call_site elapsed_min=51.6 files_done=31 resolved=820 errors=1504 current=Tests/test_image_crop.py
[2026-04-14T20:30:10Z] [iter=2] HEARTBEAT target_type=call_site elapsed_min=52.6 files_done=32 resolved=828 errors=1533 current=Tests/test_font_pcf.py
[2026-04-14T20:31:00Z] [iter=2] HEARTBEAT target_type=call_site elapsed_min=53.4 files_done=33 resolved=863 errors=1558 current=src/PIL/McIdasImagePlugin.py
[2026-04-14T20:32:36Z] [iter=2] HEARTBEAT target_type=call_site elapsed_min=55.0 files_done=35 resolved=898 errors=1606 current=src/PIL/DdsImagePlugin.py
[2026-04-14T20:34:11Z] [iter=2] HEARTBEAT target_type=call_site elapsed_min=56.6 files_done=36 resolved=936 errors=1654 current=Tests/test_pickle.py
[2026-04-14T20:34:41Z] [iter=2] HEARTBEAT target_type=call_site elapsed_min=57.1 files_done=37 resolved=975 errors=1669 current=src/PIL/ImageDraw2.py
[2026-04-14T20:35:33Z] [iter=2] HEARTBEAT target_type=call_site elapsed_min=58.0 files_done=38 resolved=983 errors=1695 current=Tests/test_imagesequence.py
[2026-04-14T20:36:15Z] [iter=2] HEARTBEAT target_type=call_site elapsed_min=58.7 files_done=39 resolved=1011 errors=1716 current=src/PIL/JpegImagePlugin.py
[2026-04-14T20:40:00Z] [iter=2] HEARTBEAT target_type=call_site elapsed_min=62.4 files_done=40 resolved=1097 errors=1829 current=Tests/test_image_getextrema.py
[2026-04-14T20:42:40Z] [iter=2] HEARTBEAT target_type=call_site elapsed_min=65.1 files_done=42 resolved=1110 errors=1909 current=src/PIL/PcfFontFile.py
[2026-04-14T20:45:37Z] [iter=2] HEARTBEAT target_type=call_site elapsed_min=68.1 files_done=43 resolved=1130 errors=1998 current=src/PIL/IcnsImagePlugin.py
[2026-04-14T20:48:14Z] [iter=2] HEARTBEAT target_type=call_site elapsed_min=70.7 files_done=44 resolved=1162 errors=2077 current=Tests/test_imagewin_pointers.py
[2026-04-14T20:48:44Z] [iter=2] HEARTBEAT target_type=call_site elapsed_min=71.2 files_done=45 resolved=1179 errors=2092 current=Tests/test_image_quantize.py
[2026-04-14T20:50:54Z] [iter=2] HEARTBEAT target_type=call_site elapsed_min=73.3 files_done=46 resolved=1197 errors=2157 current=src/PIL/MspImagePlugin.py
[2026-04-14T20:51:47Z] [iter=2] HEARTBEAT target_type=call_site elapsed_min=74.2 files_done=47 resolved=1210 errors=2184 current=src/PIL/ImtImagePlugin.py
[2026-04-14T20:53:22Z] [iter=2] HEARTBEAT target_type=call_site elapsed_min=75.8 files_done=49 resolved=1257 errors=2231 current=Tests/test_image_putpalette.py
[2026-04-14T20:54:39Z] [iter=2] HEARTBEAT target_type=call_site elapsed_min=77.1 files_done=50 resolved=1275 errors=2269 current=Tests/test_file_tiff_metadata.py
[2026-04-14T20:56:12Z] [iter=2] HEARTBEAT target_type=call_site elapsed_min=78.6 files_done=51 resolved=1369 errors=2315 current=src/PIL/ImageMode.py
[2026-04-14T20:57:33Z] [iter=2] HEARTBEAT target_type=call_site elapsed_min=80.0 files_done=53 resolved=1384 errors=2356 current=src/PIL/SpiderImagePlugin.py
[2026-04-14T20:58:45Z] [iter=2] HEARTBEAT target_type=call_site elapsed_min=81.2 files_done=54 resolved=1443 errors=2392 current=checks/check_wheel.py
[2026-04-14T21:01:12Z] [iter=2] HEARTBEAT target_type=call_site elapsed_min=83.6 files_done=56 resolved=1450 errors=2466 current=src/PIL/ImageQt.py
[2026-04-14T21:02:12Z] [iter=2] HEARTBEAT target_type=call_site elapsed_min=84.6 files_done=57 resolved=1476 errors=2496 current=src/PIL/_deprecate.py
[2026-04-14T21:02:46Z] [iter=2] HEARTBEAT target_type=call_site elapsed_min=85.2 files_done=59 resolved=1498 errors=2513 current=Tests/test_file_fpx.py
[2026-04-14T21:03:42Z] [iter=2] HEARTBEAT target_type=call_site elapsed_min=86.1 files_done=61 resolved=1515 errors=2541 current=Tests/test_file_bufrstub.py
[2026-04-14T21:04:18Z] [iter=2] HEARTBEAT target_type=call_site elapsed_min=86.7 files_done=63 resolved=1529 errors=2559 current=Tests/test_imagewin.py
[2026-04-14T21:04:49Z] [iter=2] HEARTBEAT target_type=call_site elapsed_min=87.3 files_done=64 resolved=1545 errors=2575 current=Tests/test_image_filter.py
[2026-04-14T21:05:47Z] [iter=2] HEARTBEAT target_type=call_site elapsed_min=88.2 files_done=65 resolved=1575 errors=2604 current=Tests/test_image_array.py
[2026-04-14T21:07:01Z] [iter=2] HEARTBEAT target_type=call_site elapsed_min=89.5 files_done=66 resolved=1585 errors=2641 current=Tests/test_file_mic.py
[2026-04-14T21:09:46Z] [iter=2] HEARTBEAT target_type=call_site elapsed_min=92.2 files_done=68 resolved=1611 errors=2724 current=Tests/test_image_getdata.py
[2026-04-14T21:10:38Z] [iter=2] HEARTBEAT target_type=call_site elapsed_min=93.1 files_done=70 resolved=1626 errors=2750 current=src/PIL/ImageTk.py
[2026-04-14T21:11:30Z] [iter=2] HEARTBEAT target_type=call_site elapsed_min=93.9 files_done=71 resolved=1637 errors=2776 current=Tests/test_imagemath_unsafe_eval.py
[2026-04-14T21:14:50Z] [iter=2] HEARTBEAT target_type=call_site elapsed_min=97.3 files_done=72 resolved=1747 errors=2876 current=Tests/test_image_tobitmap.py
[2026-04-14T21:16:58Z] [iter=2] HEARTBEAT target_type=call_site elapsed_min=99.4 files_done=74 resolved=1803 errors=2940 current=Tests/test_numpy.py
[2026-04-14T21:19:40Z] [iter=2] HEARTBEAT target_type=call_site elapsed_min=102.1 files_done=75 resolved=1834 errors=3020 current=Tests/test_image_mode.py
[2026-04-14T21:21:05Z] [iter=2] HEARTBEAT target_type=call_site elapsed_min=103.5 files_done=78 resolved=1889 errors=3063 current=Tests/test_main.py
[2026-04-14T21:23:25Z] [iter=2] HEARTBEAT target_type=call_site elapsed_min=105.9 files_done=80 resolved=1927 errors=3133 current=Tests/test_imagestat.py
[2026-04-14T21:24:01Z] [iter=2] HEARTBEAT target_type=call_site elapsed_min=106.5 files_done=82 resolved=1959 errors=3151 current=Tests/test_image_thumbnail.py
[2026-04-14T21:25:24Z] [iter=2] HEARTBEAT target_type=call_site elapsed_min=107.8 files_done=83 resolved=1981 errors=3193 current=Tests/test_file_gimpgradient.py
[2026-04-14T21:27:12Z] [iter=2] HEARTBEAT target_type=call_site elapsed_min=109.6 files_done=85 resolved=2013 errors=3247 current=Tests/test_image_rotate.py
[2026-04-14T21:28:37Z] [iter=2] HEARTBEAT target_type=call_site elapsed_min=111.1 files_done=86 resolved=2025 errors=3290 current=Tests/test_psdraw.py
[2026-04-14T21:30:10Z] [iter=2] HEARTBEAT target_type=call_site elapsed_min=112.6 files_done=88 resolved=2047 errors=3337 current=Tests/test_imagetk.py
[2026-04-14T21:30:44Z] [iter=2] HEARTBEAT target_type=call_site elapsed_min=113.2 files_done=89 resolved=2067 errors=3354 current=Tests/test_image_fromqimage.py
[2026-04-14T21:31:26Z] [iter=2] HEARTBEAT target_type=call_site elapsed_min=113.9 files_done=90 resolved=2072 errors=3375 current=Tests/test_sgi_crash.py
[2026-04-14T21:35:11Z] [iter=2] HEARTBEAT target_type=call_site elapsed_min=117.6 files_done=92 resolved=2090 errors=3488 current=src/PIL/GimpGradientFile.py
[2026-04-14T21:35:49Z] [iter=2] HEARTBEAT target_type=call_site elapsed_min=118.3 files_done=93 resolved=2108 errors=3507 current=src/PIL/Jpeg2KImagePlugin.py
[2026-04-14T21:38:41Z] [iter=2] HEARTBEAT target_type=call_site elapsed_min=121.1 files_done=94 resolved=2150 errors=3593 current=Tests/test_image_frombytes.py
[2026-04-14T21:40:26Z] [iter=2] HEARTBEAT target_type=call_site elapsed_min=122.9 files_done=97 resolved=2176 errors=3646 current=checks/check_jpeg_leaks.py
[2026-04-14T21:41:14Z] [iter=2] HEARTBEAT target_type=call_site elapsed_min=123.7 files_done=100 resolved=2233 errors=3670 current=Tests/test_image_getcolors.py
[2026-04-14T21:42:18Z] [iter=2] HEARTBEAT target_type=call_site elapsed_min=124.7 files_done=101 resolved=2234 errors=3702 current=docs/example/DdsImagePlugin.py
[2026-04-14T21:43:31Z] [iter=2] HEARTBEAT target_type=call_site elapsed_min=126.0 files_done=102 resolved=2272 errors=3739 current=src/PIL/GimpPaletteFile.py
[2026-04-14T21:44:13Z] [iter=2] HEARTBEAT target_type=call_site elapsed_min=126.7 files_done=104 resolved=2290 errors=3760 current=docs/dater.py
[2026-04-14T21:45:21Z] [iter=2] HEARTBEAT target_type=call_site elapsed_min=127.8 files_done=106 resolved=2302 errors=3794 current=Tests/test_decompression_bomb.py
[2026-04-14T21:46:30Z] [iter=2] HEARTBEAT target_type=call_site elapsed_min=128.9 files_done=108 resolved=2326 errors=3829 current=Tests/test_image_getbands.py
[2026-04-14T21:47:24Z] [iter=2] HEARTBEAT target_type=call_site elapsed_min=129.8 files_done=111 resolved=2368 errors=3856 current=Tests/test_tiff_crashes.py
[2026-04-14T21:47:59Z] [iter=2] HEARTBEAT target_type=call_site elapsed_min=130.4 files_done=113 resolved=2388 errors=3874 current=Tests/test_file_xbm.py
[2026-04-14T21:49:03Z] [iter=2] HEARTBEAT target_type=call_site elapsed_min=131.5 files_done=116 resolved=2456 errors=3906 current=Tests/test_imageenhance.py
[2026-04-14T21:50:43Z] [iter=2] HEARTBEAT target_type=call_site elapsed_min=133.2 files_done=118 resolved=2520 errors=3956 current=Tests/test_imagepath.py
[2026-04-14T21:51:55Z] [iter=2] HEARTBEAT target_type=call_site elapsed_min=134.4 files_done=120 resolved=2596 errors=3992 current=Tests/test_shell_injection.py
[2026-04-14T21:52:54Z] [iter=2] HEARTBEAT target_type=call_site elapsed_min=135.3 files_done=122 resolved=2632 errors=4022 current=src/PIL/DcxImagePlugin.py
[2026-04-14T21:54:04Z] [iter=2] HEARTBEAT target_type=call_site elapsed_min=136.5 files_done=124 resolved=2642 errors=4057 current=Tests/test_binary.py
[2026-04-14T21:54:46Z] [iter=2] HEARTBEAT target_type=call_site elapsed_min=137.2 files_done=126 resolved=2713 errors=4078 current=Tests/test_file_qoi.py
[2026-04-14T21:55:29Z] [iter=2] HEARTBEAT target_type=call_site elapsed_min=137.9 files_done=129 resolved=2744 errors=4100 current=Tests/test_file_icns.py
[2026-04-14T21:56:08Z] [iter=2] HEARTBEAT target_type=call_site elapsed_min=138.6 files_done=130 resolved=2773 errors=4119 current=src/PIL/PcdImagePlugin.py
[2026-04-14T21:57:33Z] [iter=2] HEARTBEAT target_type=call_site elapsed_min=140.0 files_done=132 resolved=2794 errors=4161 current=Tests/test_file_mpeg.py
[2026-04-14T21:59:05Z] [iter=2] HEARTBEAT target_type=call_site elapsed_min=141.5 files_done=135 resolved=2853 errors=4207 current=Tests/test_qt_image_toqimage.py
[2026-04-14T21:59:55Z] [iter=2] HEARTBEAT target_type=call_site elapsed_min=142.4 files_done=137 resolved=2888 errors=4232 current=Tests/test_file_hdf5stub.py
[2026-04-14T22:00:33Z] [iter=2] HEARTBEAT target_type=call_site elapsed_min=143.0 files_done=140 resolved=2910 errors=4251 current=Tests/test_file_ftex.py
[2026-04-14T22:01:37Z] [iter=2] HEARTBEAT target_type=call_site elapsed_min=144.1 files_done=144 resolved=2946 errors=4283 current=src/PIL/TiffTags.py
[2026-04-14T22:02:15Z] [iter=2] HEARTBEAT target_type=call_site elapsed_min=144.7 files_done=146 resolved=2974 errors=4302 current=src/PIL/GribStubImagePlugin.py
[2026-04-14T22:03:17Z] [iter=2] HEARTBEAT target_type=call_site elapsed_min=145.7 files_done=149 resolved=3008 errors=4333 current=Tests/test_image_putalpha.py
[2026-04-14T22:03:51Z] [iter=2] HEARTBEAT target_type=call_site elapsed_min=146.3 files_done=150 resolved=3015 errors=4350 current=Tests/test_image_getprojection.py
[2026-04-14T22:04:44Z] [iter=2] HEARTBEAT target_type=call_site elapsed_min=147.2 files_done=153 resolved=3021 errors=4377 current=src/PIL/Hdf5StubImagePlugin.py
[2026-04-14T22:05:28Z] [iter=2] HEARTBEAT target_type=call_site elapsed_min=147.9 files_done=157 resolved=3052 errors=4399 current=src/PIL/PaletteFile.py
[2026-04-14T22:06:42Z] [iter=2] HEARTBEAT target_type=call_site elapsed_min=149.1 files_done=162 resolved=3075 errors=4436 current=src/PIL/FtexImagePlugin.py
[2026-04-14T22:07:48Z] [iter=2] HEARTBEAT target_type=call_site elapsed_min=150.2 files_done=164 resolved=3099 errors=4469 current=Tests/test_file_pixar.py
[2026-04-14T22:08:20Z] [iter=2] HEARTBEAT target_type=call_site elapsed_min=150.8 files_done=167 resolved=3116 errors=4485 current=Tests/test_file_palm.py
[2026-04-14T22:08:51Z] [iter=2] HEARTBEAT target_type=call_site elapsed_min=151.3 files_done=169 resolved=3121 errors=4501 current=Tests/test_util.py
[2026-04-14T22:09:25Z] [iter=2] HEARTBEAT target_type=call_site elapsed_min=151.9 files_done=174 resolved=3146 errors=4518 current=selftest.py
[2026-04-14T22:10:19Z] [iter=2] HEARTBEAT target_type=call_site elapsed_min=152.8 files_done=178 resolved=3161 errors=4545 current=Tests/oss-fuzz/fuzzers.py
[2026-04-14T22:11:11Z] [iter=2] HEARTBEAT target_type=call_site elapsed_min=153.6 files_done=183 resolved=3189 errors=4571 current=checks/check_large_memory_numpy.py
[2026-04-14T22:11:47Z] [iter=2] HEARTBEAT target_type=call_site elapsed_min=154.2 files_done=187 resolved=3207 errors=4589 current=Tests/test_file_imt.py
[2026-04-14T22:12:19Z] [iter=2] HEARTBEAT target_type=call_site elapsed_min=154.7 files_done=193 resolved=3247 errors=4605 current=Tests/test_pyroma.py
[2026-04-14T22:12:50Z] [iter=2] HEARTBEAT target_type=call_site elapsed_min=155.3 files_done=195 resolved=3251 errors=4621 current=Tests/test_map.py
[2026-04-14T22:13:24Z] [iter=2] HEARTBEAT target_type=call_site elapsed_min=155.8 files_done=199 resolved=3270 errors=4638 current=checks/check_icns_dos.py
[2026-04-14T22:15:05Z] [iter=2] HEARTBEAT target_type=call_site elapsed_min=157.5 files_done=210 resolved=3297 errors=4687 current=src/libImaging/Palette.c
[2026-04-14T22:15:55Z] [iter=2] HEARTBEAT target_type=call_site elapsed_min=158.3 files_done=211 resolved=3297 errors=4712 current=src/libImaging/ZipEncode.c
[2026-04-14T22:21:29Z] [iter=2] HEARTBEAT target_type=call_site elapsed_min=163.9 files_done=213 resolved=3326 errors=4880 current=src/_imaging.c
[2026-04-14T22:36:15Z] [iter=2] HEARTBEAT target_type=call_site elapsed_min=178.7 files_done=214 resolved=3329 errors=5326 current=src/libImaging/Convert.c
[2026-04-14T22:41:50Z] [iter=2] HEARTBEAT target_type=call_site elapsed_min=184.3 files_done=215 resolved=3329 errors=5495 current=src/_webp.c
[2026-04-14T22:43:05Z] [iter=2] HEARTBEAT target_type=call_site elapsed_min=185.5 files_done=216 resolved=3330 errors=5533 current=src/libImaging/BoxBlur.c
[2026-04-14T22:45:14Z] [iter=2] HEARTBEAT target_type=call_site elapsed_min=187.7 files_done=217 resolved=3330 errors=5598 current=src/libImaging/Reduce.c
[2026-04-14T22:49:04Z] [iter=2] HEARTBEAT target_type=call_site elapsed_min=191.5 files_done=218 resolved=3330 errors=5714 current=src/encode.c
[2026-04-14T22:51:26Z] [iter=2] HEARTBEAT target_type=call_site elapsed_min=193.9 files_done=219 resolved=3377 errors=5786 current=src/libImaging/Quant.c
[2026-04-14T22:55:17Z] [iter=2] HEARTBEAT target_type=call_site elapsed_min=197.7 files_done=220 resolved=3547 errors=5902 current=src/_imagingcms.c
[2026-04-14T22:57:28Z] [iter=2] HEARTBEAT target_type=call_site elapsed_min=199.9 files_done=221 resolved=3547 errors=5968 current=src/thirdparty/raqm/raqm.c
[2026-04-14T23:02:17Z] [iter=2] HEARTBEAT target_type=call_site elapsed_min=204.7 files_done=222 resolved=3556 errors=6114 current=src/libImaging/Arrow.c
[2026-04-14T23:03:58Z] [iter=2] HEARTBEAT target_type=call_site elapsed_min=206.4 files_done=223 resolved=3568 errors=6165 current=src/path.c
[2026-04-14T23:05:21Z] [iter=2] HEARTBEAT target_type=call_site elapsed_min=207.8 files_done=224 resolved=3568 errors=6207 current=src/libImaging/Draw.c
[2026-04-14T23:10:25Z] [iter=2] HEARTBEAT target_type=call_site elapsed_min=212.8 files_done=225 resolved=3615 errors=6360 current=src/libImaging/QuantOctree.c
[2026-04-14T23:12:00Z] [iter=2] HEARTBEAT target_type=call_site elapsed_min=214.4 files_done=226 resolved=3636 errors=6408 current=src/map.c
[2026-04-14T23:13:13Z] [iter=2] HEARTBEAT target_type=call_site elapsed_min=215.7 files_done=228 resolved=3636 errors=6445 current=src/libImaging/Geometry.c
[2026-04-14T23:17:56Z] [iter=2] HEARTBEAT target_type=call_site elapsed_min=220.4 files_done=229 resolved=3636 errors=6588 current=src/libImaging/TiffDecode.c
[2026-04-14T23:23:15Z] [iter=2] HEARTBEAT target_type=call_site elapsed_min=225.7 files_done=231 resolved=3652 errors=6748 current=src/libImaging/Storage.c
[2026-04-14T23:25:46Z] [iter=2] HEARTBEAT target_type=call_site elapsed_min=228.2 files_done=232 resolved=3714 errors=6824 current=src/libImaging/Chops.c
[2026-04-14T23:26:24Z] [iter=2] HEARTBEAT target_type=call_site elapsed_min=228.8 files_done=233 resolved=3714 errors=6843 current=src/_imagingmath.c
[2026-04-14T23:27:59Z] [iter=2] HEARTBEAT target_type=call_site elapsed_min=230.4 files_done=234 resolved=3715 errors=6891 current=src/libImaging/BcnDecode.c
[2026-04-14T23:31:03Z] [iter=2] HEARTBEAT target_type=call_site elapsed_min=233.5 files_done=235 resolved=3715 errors=6978 current=src/libImaging/Jpeg2KDecode.c
[2026-04-14T23:31:45Z] [iter=2] HEARTBEAT target_type=call_site elapsed_min=234.2 files_done=238 resolved=3727 errors=6999 current=src/display.c
[2026-04-14T23:33:03Z] [iter=2] HEARTBEAT target_type=call_site elapsed_min=235.5 files_done=240 resolved=3730 errors=7037 current=src/libImaging/Paste.c
[2026-04-14T23:35:30Z] [iter=2] HEARTBEAT target_type=call_site elapsed_min=237.9 files_done=241 resolved=3730 errors=7110 current=src/libImaging/QuantPngQuant.c
[2026-04-14T23:36:59Z] [iter=2] HEARTBEAT target_type=call_site elapsed_min=239.4 files_done=243 resolved=3739 errors=7155 current=src/libImaging/Resample.c
[2026-04-14T23:37:36Z] [iter=2] CHECKPOINT TRIGGERED elapsed_min=240.0 files_completed=323 new_files_this_iter=243 mem_mb=1100 MB
[2026-04-14T23:37:36Z] [iter=2] Writing partial enrichment graph path=/home/runner/work/forx/forx/storage/aggregate/lsp/3c41c095064200a02672d89cc5ff629eaf4b0d4f.nq.gz triples=144515
[2026-04-14T23:37:39Z] [iter=2] Checkpoint written, exiting with code 7
[2026-04-14T23:37:39Z] [iter=2] PHASE END: enrich (checkpointed) elapsed_s=14402 elapsed_min=240.0 files_completed=323
