[2026-04-14T23:42:15Z] === ENRICH ITERATION 3 START | repo=python-pillow/Pillow sha=3c41c095 ===
[2026-04-14T23:42:15Z] [iter=3] PHASE START: enrich repo=python-pillow/Pillow sha=3c41c095 runlog=/home/runner/work/forx/forx/storage/aggregate/lsp/logs/3c41c095-enrich-iter-003.log output=/home/runner/work/forx/forx/storage/aggregate/lsp/3c41c095064200a02672d89cc5ff629eaf4b0d4f.nq.gz
[2026-04-14T23:42:28Z] [iter=3] Step 1: Loading AST into disk-backed store mem_mb=77 MB
[2026-04-14T23:43:12Z] [iter=3] AST store loaded triples=4665371 load_secs=42 mem_mb=973 MB
[2026-04-14T23:43:12Z] [iter=3] Step 2: Finding LSP targets mem_mb=973 MB
[2026-04-14T23:43:19Z] [iter=3] LSP targets found call_sites=28998 imports=1264 extends=135 implements=0 secs=7
[2026-04-14T23:43:25Z] [iter=3] Loaded checkpoint partial graph triples=144515
[2026-04-14T23:43:30Z] [iter=3] Step 2.7: Building position index (one-shot, shared across resolvers) mem_mb=973 MB
[2026-04-14T23:43:59Z] [iter=3] Position index built positions=297545 nodes_with_types=374516 secs=29 mem_mb=1238 MB
[2026-04-14T23:43:59Z] [iter=3] Step 3: Starting LSP resolution mem_mb=1238 MB already_completed_types=[] already_completed_files=323
[2026-04-14T23:43:59Z] [iter=3] Resolving target type target_type=call_site count=28998
[2026-04-14T23:44:02Z] [iter=3] HEARTBEAT target_type=call_site elapsed_min=1.8 files_done=0 resolved=0 errors=0 current=src/libImaging/Resample.c
[2026-04-14T23:46:59Z] [iter=3] HEARTBEAT target_type=call_site elapsed_min=4.7 files_done=1 resolved=3 errors=97 current=src/libImaging/Histo.c
[2026-04-14T23:47:59Z] [iter=3] HEARTBEAT target_type=call_site elapsed_min=5.7 files_done=2 resolved=3 errors=130 current=src/_imagingmorph.c
[2026-04-14T23:48:31Z] [iter=3] HEARTBEAT target_type=call_site elapsed_min=6.3 files_done=6 resolved=6 errors=147 current=src/libImaging/QuantHash.c
[2026-04-14T23:49:11Z] [iter=3] HEARTBEAT target_type=call_site elapsed_min=6.9 files_done=7 resolved=23 errors=169 current=src/libImaging/Unpack.c
[2026-04-14T23:53:00Z] [iter=3] HEARTBEAT target_type=call_site elapsed_min=10.8 files_done=8 resolved=23 errors=295 current=src/decode.c
[2026-04-14T23:55:48Z] [iter=3] HEARTBEAT target_type=call_site elapsed_min=13.5 files_done=9 resolved=25 errors=387 current=src/Tk/tkImaging.c
[2026-04-14T23:56:54Z] [iter=3] HEARTBEAT target_type=call_site elapsed_min=14.6 files_done=10 resolved=36 errors=423 current=src/libImaging/ModeFilter.c
[2026-04-14T23:57:27Z] [iter=3] HEARTBEAT target_type=call_site elapsed_min=15.2 files_done=13 resolved=36 errors=441 current=src/libImaging/Dib.c
[2026-04-14T23:58:02Z] [iter=3] HEARTBEAT target_type=call_site elapsed_min=15.8 files_done=15 resolved=45 errors=460 current=src/libImaging/Mode.c
[2026-04-14T23:58:52Z] [iter=3] HEARTBEAT target_type=call_site elapsed_min=16.6 files_done=17 resolved=49 errors=488 current=src/libImaging/GifEncode.c
[2026-04-14T23:59:40Z] [iter=3] HEARTBEAT target_type=call_site elapsed_min=17.4 files_done=19 resolved=49 errors=514 current=src/libImaging/SgiRleDecode.c
[2026-04-15T00:00:14Z] [iter=3] HEARTBEAT target_type=call_site elapsed_min=18.0 files_done=21 resolved=62 errors=533 current=src/libImaging/RankFilter.c
[2026-04-15T00:00:45Z] [iter=3] HEARTBEAT target_type=call_site elapsed_min=18.5 files_done=23 resolved=70 errors=550 current=src/libImaging/codec_fd.c
[2026-04-15T00:01:27Z] [iter=3] HEARTBEAT target_type=call_site elapsed_min=19.2 files_done=26 resolved=70 errors=573 current=src/libImaging/Blend.c
[2026-04-15T00:01:59Z] [iter=3] HEARTBEAT target_type=call_site elapsed_min=19.7 files_done=28 resolved=70 errors=591 current=src/libImaging/Jpeg2KEncode.c
[2026-04-15T00:02:32Z] [iter=3] HEARTBEAT target_type=call_site elapsed_min=20.3 files_done=32 resolved=77 errors=609 current=src/libImaging/Point.c
[2026-04-15T00:03:08Z] [iter=3] HEARTBEAT target_type=call_site elapsed_min=20.9 files_done=33 resolved=77 errors=629 current=src/thirdparty/fribidi-shim/fribidi.c
[2026-04-15T00:04:05Z] [iter=3] HEARTBEAT target_type=call_site elapsed_min=21.8 files_done=37 resolved=98 errors=660 current=src/libImaging/SunRleDecode.c
[2026-04-15T00:05:05Z] [iter=3] HEARTBEAT target_type=call_site elapsed_min=22.8 files_done=41 resolved=100 errors=693 current=src/libImaging/AlphaComposite.c
[2026-04-15T00:05:38Z] [iter=3] HEARTBEAT target_type=call_site elapsed_min=23.4 files_done=46 resolved=100 errors=711 current=src/libImaging/GifDecode.c
[2026-04-15T00:06:04Z] [iter=3] Target type resolved target_type=call_site resolved=103 errors=724 secs=1325 mem_mb=1250 MB
[2026-04-15T00:06:04Z] [iter=3] Resolving target type target_type=import_statement count=1264
[2026-04-15T00:06:08Z] [iter=3] HEARTBEAT target_type=import_statement elapsed_min=23.9 files_done=65 resolved=81 errors=0 current=src/PIL/_imagingmath.pyi
[2026-04-15T00:06:09Z] [iter=3] Target type resolved target_type=import_statement resolved=91 errors=0 secs=5 mem_mb=1250 MB
[2026-04-15T00:06:09Z] [iter=3] Resolving target type target_type=extends_clause count=135
[2026-04-15T00:06:10Z] [iter=3] Target type resolved target_type=extends_clause resolved=8 errors=0 secs=1 mem_mb=1250 MB
[2026-04-15T00:06:33Z] [iter=3] Step 5: Writing final enrichment file triples=217156
[2026-04-15T00:06:38Z] [iter=3] Enrichment file written path=/home/runner/work/forx/forx/storage/aggregate/lsp/3c41c095064200a02672d89cc5ff629eaf4b0d4f.nq.gz size_kb=4689
[2026-04-15T00:06:38Z] [iter=3] Checkpoint cleared (enrichment complete)
[2026-04-15T00:06:38Z] [iter=3] PHASE END: enrich elapsed_s=1463 elapsed_min=24.4 total_triples=217156
